<?xml version="1.0" encoding="utf-8"?>
<!DOCTYPE coverage SYSTEM "http://cobertura.sourceforge.net/xml/coverage-04.dtd">
<coverage line-rate="0.217979868101354" branch-rate="0.0418577981651376" lines-covered="1256" lines-valid="5762" branches-covered="365" branches-valid="8720" complexity="9429" version="0" timestamp="1776609532">
  <sources />
  <packages>
    <package name="FluentValidation" line-rate="0.115437788018433" branch-rate="0.0291075294683666" complexity="8819">
      <classes>
        <class name="FluentValidation.AbstractValidator.&lt;&gt;c__DisplayClass10_0&lt;T&gt;" filename="/_/src/FluentValidation/AbstractValidator.cs" line-rate="1" branch-rate="1" complexity="NaN">
          <methods />
          <lines />
        </class>
        <class name="FluentValidation.AbstractValidator.&lt;&gt;c__DisplayClass23_0&lt;T&gt;" filename="/_/src/FluentValidation/AbstractValidator.cs" line-rate="1" branch-rate="1" complexity="NaN">
          <methods />
          <lines />
        </class>
        <class name="FluentValidation.AbstractValidator.&lt;&gt;c__DisplayClass24_0&lt;T&gt;" filename="/_/src/FluentValidation/AbstractValidator.cs" line-rate="1" branch-rate="1" complexity="NaN">
          <methods />
          <lines />
        </class>
        <class name="FluentValidation.AbstractValidator.&lt;&gt;c__DisplayClass26_0&lt;T&gt;" filename="/_/src/FluentValidation/AbstractValidator.cs" line-rate="1" branch-rate="1" complexity="NaN">
          <methods />
          <lines />
        </class>
        <class name="FluentValidation.AbstractValidator.&lt;&gt;c__DisplayClass28_0&lt;T&gt;" filename="/_/src/FluentValidation/AbstractValidator.cs" line-rate="1" branch-rate="1" complexity="NaN">
          <methods />
          <lines />
        </class>
        <class name="FluentValidation.AbstractValidator.&lt;&gt;c__DisplayClass30_0&lt;T&gt;" filename="/_/src/FluentValidation/AbstractValidator.cs" line-rate="1" branch-rate="1" complexity="NaN">
          <methods />
          <lines />
        </class>
        <class name="FluentValidation.AbstractValidator.&lt;&gt;c__DisplayClass7_0&lt;T&gt;" filename="/_/src/FluentValidation/AbstractValidator.cs" line-rate="1" branch-rate="1" complexity="NaN">
          <methods />
          <lines />
        </class>
        <class name="FluentValidation.AbstractValidator.&lt;&gt;c&lt;T&gt;" filename="/_/src/FluentValidation/AbstractValidator.cs" line-rate="1" branch-rate="1" complexity="NaN">
          <methods />
          <lines />
        </class>
        <class name="FluentValidation.AbstractValidator.&lt;ValidateAsync&gt;d__16&lt;T&gt;" filename="/_/src/FluentValidation/AbstractValidator.cs" line-rate="1" branch-rate="1" complexity="1">
          <methods>
            <method name="MoveNext" signature="()" line-rate="1" branch-rate="1" complexity="1">
              <lines />
            </method>
          </methods>
          <lines />
        </class>
        <class name="FluentValidation.AbstractValidator.&lt;ValidateInternalAsync&gt;d__17&lt;T&gt;" filename="/_/src/FluentValidation/AbstractValidator.cs" line-rate="1" branch-rate="1" complexity="18">
          <methods>
            <method name="MoveNext" signature="()" line-rate="1" branch-rate="1" complexity="18">
              <lines />
            </method>
          </methods>
          <lines />
        </class>
        <class name="FluentValidation.AbstractValidator&lt;T&gt;" filename="/_/src/FluentValidation/AbstractValidator.cs" line-rate="1" branch-rate="1" complexity="39">
          <methods>
            <method name="get_Rules" signature="()" line-rate="1" branch-rate="1" complexity="1">
              <lines />
            </method>
            <method name="get_ClassLevelCascadeMode" signature="()" line-rate="1" branch-rate="1" complexity="1">
              <lines />
            </method>
            <method name="set_ClassLevelCascadeMode" signature="(...)" line-rate="1" branch-rate="1" complexity="1">
              <lines />
            </method>
            <method name="get_RuleLevelCascadeMode" signature="()" line-rate="1" branch-rate="1" complexity="1">
              <lines />
            </method>
            <method name="set_RuleLevelCascadeMode" signature="(...)" line-rate="1" branch-rate="1" complexity="1">
              <lines />
            </method>
            <method name="FluentValidation.IValidator.Validate" signature="(...)" line-rate="1" branch-rate="1" complexity="1">
              <lines />
            </method>
            <method name="FluentValidation.IValidator.ValidateAsync" signature="(...)" line-rate="1" branch-rate="1" complexity="1">
              <lines />
            </method>
            <method name="Validate" signature="(...)" line-rate="1" branch-rate="1" complexity="1">
              <lines />
            </method>
            <method name="ValidateAsync" signature="(...)" line-rate="1" branch-rate="1" complexity="1">
              <lines />
            </method>
            <method name="Validate" signature="(...)" line-rate="1" branch-rate="1" complexity="1">
              <lines />
            </method>
            <method name="SetExecutedRuleSets" signature="(...)" line-rate="1" branch-rate="1" complexity="4">
              <lines />
            </method>
            <method name="CreateDescriptor" signature="()" line-rate="1" branch-rate="1" complexity="1">
              <lines />
            </method>
            <method name="FluentValidation.IValidator.CanValidateInstancesOfType" signature="(...)" line-rate="1" branch-rate="1" complexity="1">
              <lines />
            </method>
            <method name="RuleFor&lt;TProperty&gt;" signature="(...)" line-rate="1" branch-rate="1" complexity="1">
              <lines />
            </method>
            <method name="RuleForEach&lt;TElement&gt;" signature="(...)" line-rate="1" branch-rate="1" complexity="1">
              <lines />
            </method>
            <method name="RuleSet" signature="(...)" line-rate="1" branch-rate="1" complexity="2">
              <lines />
            </method>
            <method name="When" signature="(...)" line-rate="1" branch-rate="1" complexity="1">
              <lines />
            </method>
            <method name="When" signature="(...)" line-rate="1" branch-rate="1" complexity="1">
              <lines />
            </method>
            <method name="Unless" signature="(...)" line-rate="1" branch-rate="1" complexity="1">
              <lines />
            </method>
            <method name="Unless" signature="(...)" line-rate="1" branch-rate="1" complexity="1">
              <lines />
            </method>
            <method name="WhenAsync" signature="(...)" line-rate="1" branch-rate="1" complexity="1">
              <lines />
            </method>
            <method name="WhenAsync" signature="(...)" line-rate="1" branch-rate="1" complexity="1">
              <lines />
            </method>
            <method name="UnlessAsync" signature="(...)" line-rate="1" branch-rate="1" complexity="1">
              <lines />
            </method>
            <method name="UnlessAsync" signature="(...)" line-rate="1" branch-rate="1" complexity="1">
              <lines />
            </method>
            <method name="Include" signature="(...)" line-rate="1" branch-rate="1" complexity="1">
              <lines />
            </method>
            <method name="Include&lt;TValidator&gt;" signature="(...)" line-rate="1" branch-rate="1" complexity="1">
              <lines />
            </method>
            <method name="GetEnumerator" signature="()" line-rate="1" branch-rate="1" complexity="1">
              <lines />
            </method>
            <method name="System.Collections.IEnumerable.GetEnumerator" signature="()" line-rate="1" branch-rate="1" complexity="1">
              <lines />
            </method>
            <method name="PreValidate" signature="(...)" line-rate="1" branch-rate="1" complexity="1">
              <lines />
            </method>
            <method name="RaiseValidationException" signature="(...)" line-rate="1" branch-rate="1" complexity="1">
              <lines />
            </method>
            <method name="OnRuleAdded" signature="(...)" line-rate="1" branch-rate="1" complexity="1">
              <lines />
            </method>
            <method name=".ctor" signature="()" line-rate="1" branch-rate="1" complexity="4">
              <lines />
            </method>
          </methods>
          <lines />
        </class>
        <class name="FluentValidation.AbstractValidator&lt;T&gt;" filename="/_/src/FluentValidation/obj/Release/net8.0/Zomp.SyncMethodGenerator/Zomp.SyncMethodGenerator.SyncMethodSourceGenerator/FluentValidation.AbstractValidator.ValidateInternalAsync.g.cs" line-rate="1" branch-rate="1" complexity="18">
          <methods>
            <method name="ValidateInternal" signature="(...)" line-rate="1" branch-rate="1" complexity="18">
              <lines />
            </method>
          </methods>
          <lines />
        </class>
        <class name="FluentValidation.AssemblyScanner" filename="/_/src/FluentValidation/AssemblyScanner.cs" line-rate="1" branch-rate="1" complexity="25">
          <methods>
            <method name=".ctor" signature="(...)" line-rate="1" branch-rate="1" complexity="1">
              <lines />
            </method>
            <method name="FindValidatorsInAssembly" signature="(...)" line-rate="1" branch-rate="1" complexity="2">
              <lines />
            </method>
            <method name="FindValidatorsInAssemblies" signature="(...)" line-rate="1" branch-rate="1" complexity="1">
              <lines />
            </method>
            <method name="FindValidatorsInAssemblyContaining&lt;T&gt;" signature="()" line-rate="1" branch-rate="1" complexity="1">
              <lines />
            </method>
            <method name="FindValidatorsInAssemblyContaining" signature="(...)" line-rate="1" branch-rate="1" complexity="1">
              <lines />
            </method>
            <method name="Execute" signature="()" line-rate="1" branch-rate="1" complexity="10">
              <lines />
            </method>
            <method name="ForEach" signature="(...)" line-rate="1" branch-rate="1" complexity="2">
              <lines />
            </method>
            <method name="GetEnumerator" signature="()" line-rate="1" branch-rate="1" complexity="1">
              <lines />
            </method>
            <method name="System.Collections.IEnumerable.GetEnumerator" signature="()" line-rate="1" branch-rate="1" complexity="1">
              <lines />
            </method>
            <method name=".ctor" signature="(...)" line-rate="1" branch-rate="1" complexity="1">
              <lines />
            </method>
            <method name="get_InterfaceType" signature="()" line-rate="1" branch-rate="1" complexity="1">
              <lines />
            </method>
            <method name="set_InterfaceType" signature="(...)" line-rate="1" branch-rate="1" complexity="1">
              <lines />
            </method>
            <method name="get_ValidatorType" signature="()" line-rate="1" branch-rate="1" complexity="1">
              <lines />
            </method>
            <method name="set_ValidatorType" signature="(...)" line-rate="1" branch-rate="1" complexity="1">
              <lines />
            </method>
          </methods>
          <lines />
        </class>
        <class name="FluentValidation.AssemblyScanner.AssemblyScanResult" filename="/_/src/FluentValidation/AssemblyScanner.cs" line-rate="1" branch-rate="1" complexity="5">
          <methods>
            <method name=".ctor" signature="(...)" line-rate="1" branch-rate="1" complexity="1">
              <lines />
            </method>
            <method name="get_InterfaceType" signature="()" line-rate="1" branch-rate="1" complexity="1">
              <lines />
            </method>
            <method name="set_InterfaceType" signature="(...)" line-rate="1" branch-rate="1" complexity="1">
              <lines />
            </method>
            <method name="get_ValidatorType" signature="()" line-rate="1" branch-rate="1" complexity="1">
              <lines />
            </method>
            <method name="set_ValidatorType" signature="(...)" line-rate="1" branch-rate="1" complexity="1">
              <lines />
            </method>
          </methods>
          <lines />
        </class>
        <class name="FluentValidation.AsyncValidatorInvokedSynchronouslyException" filename="/_/src/FluentValidation/AsyncValidatorInvokedSynchronouslyException.cs" line-rate="1" branch-rate="1" complexity="6">
          <methods>
            <method name="get_ValidatorType" signature="()" line-rate="1" branch-rate="1" complexity="1">
              <lines />
            </method>
            <method name=".ctor" signature="()" line-rate="1" branch-rate="1" complexity="1">
              <lines />
            </method>
            <method name=".ctor" signature="(...)" line-rate="1" branch-rate="1" complexity="1">
              <lines />
            </method>
            <method name=".ctor" signature="(...)" line-rate="1" branch-rate="1" complexity="1">
              <lines />
            </method>
            <method name="BuildMessage" signature="(...)" line-rate="1" branch-rate="1" complexity="2">
              <lines />
            </method>
          </methods>
          <lines />
        </class>
        <class name="FluentValidation.DefaultValidatorExtensions" filename="/_/src/FluentValidation/DefaultValidatorExtensions.cs" line-rate="1" branch-rate="1" complexity="95">
          <methods>
            <method name="SetValidator&lt;T, TProperty&gt;" signature="(...)" line-rate="1" branch-rate="1" complexity="1">
              <lines />
            </method>
            <method name="SetAsyncValidator&lt;T, TProperty&gt;" signature="(...)" line-rate="1" branch-rate="1" complexity="1">
              <lines />
            </method>
            <method name="EmailAddress&lt;T&gt;" signature="(...)" line-rate="1" branch-rate="1" complexity="2">
              <lines />
            </method>
            <method name="NotNull&lt;T, TProperty&gt;" signature="(...)" line-rate="1" branch-rate="1" complexity="1">
              <lines />
            </method>
            <method name="Null&lt;T, TProperty&gt;" signature="(...)" line-rate="1" branch-rate="1" complexity="1">
              <lines />
            </method>
            <method name="NotEmpty&lt;T, TProperty&gt;" signature="(...)" line-rate="1" branch-rate="1" complexity="1">
              <lines />
            </method>
            <method name="Empty&lt;T, TProperty&gt;" signature="(...)" line-rate="1" branch-rate="1" complexity="1">
              <lines />
            </method>
            <method name="Length&lt;T&gt;" signature="(...)" line-rate="1" branch-rate="1" complexity="1">
              <lines />
            </method>
            <method name="Length&lt;T&gt;" signature="(...)" line-rate="1" branch-rate="1" complexity="1">
              <lines />
            </method>
            <method name="Length&lt;T&gt;" signature="(...)" line-rate="1" branch-rate="1" complexity="1">
              <lines />
            </method>
            <method name="Length&lt;T&gt;" signature="(...)" line-rate="1" branch-rate="1" complexity="1">
              <lines />
            </method>
            <method name="Matches&lt;T&gt;" signature="(...)" line-rate="1" branch-rate="1" complexity="1">
              <lines />
            </method>
            <method name="Matches&lt;T&gt;" signature="(...)" line-rate="1" branch-rate="1" complexity="1">
              <lines />
            </method>
            <method name="Matches&lt;T&gt;" signature="(...)" line-rate="1" branch-rate="1" complexity="1">
              <lines />
            </method>
            <method name="Matches&lt;T&gt;" signature="(...)" line-rate="1" branch-rate="1" complexity="1">
              <lines />
            </method>
            <method name="Matches&lt;T&gt;" signature="(...)" line-rate="1" branch-rate="1" complexity="1">
              <lines />
            </method>
            <method name="Matches&lt;T&gt;" signature="(...)" line-rate="1" branch-rate="1" complexity="1">
              <lines />
            </method>
            <method name="MaximumLength&lt;T&gt;" signature="(...)" line-rate="1" branch-rate="1" complexity="1">
              <lines />
            </method>
            <method name="MinimumLength&lt;T&gt;" signature="(...)" line-rate="1" branch-rate="1" complexity="1">
              <lines />
            </method>
            <method name="NotEqual&lt;T, TProperty&gt;" signature="(...)" line-rate="1" branch-rate="1" complexity="1">
              <lines />
            </method>
            <method name="NotEqual&lt;T&gt;" signature="(...)" line-rate="1" branch-rate="1" complexity="2">
              <lines />
            </method>
            <method name="NotEqual&lt;T, TProperty&gt;" signature="(...)" line-rate="1" branch-rate="1" complexity="1">
              <lines />
            </method>
            <method name="NotEqual&lt;T&gt;" signature="(...)" line-rate="1" branch-rate="1" complexity="2">
              <lines />
            </method>
            <method name="Equal&lt;T, TProperty&gt;" signature="(...)" line-rate="1" branch-rate="1" complexity="1">
              <lines />
            </method>
            <method name="Equal&lt;T&gt;" signature="(...)" line-rate="1" branch-rate="1" complexity="2">
              <lines />
            </method>
            <method name="Equal&lt;T, TProperty&gt;" signature="(...)" line-rate="1" branch-rate="1" complexity="1">
              <lines />
            </method>
            <method name="Equal&lt;T&gt;" signature="(...)" line-rate="1" branch-rate="1" complexity="2">
              <lines />
            </method>
            <method name="Must&lt;T, TProperty&gt;" signature="(...)" line-rate="1" branch-rate="1" complexity="1">
              <lines />
            </method>
            <method name="Must&lt;T, TProperty&gt;" signature="(...)" line-rate="1" branch-rate="1" complexity="1">
              <lines />
            </method>
            <method name="Must&lt;T, TProperty&gt;" signature="(...)" line-rate="1" branch-rate="1" complexity="1">
              <lines />
            </method>
            <method name="MustAsync&lt;T, TProperty&gt;" signature="(...)" line-rate="1" branch-rate="1" complexity="1">
              <lines />
            </method>
            <method name="MustAsync&lt;T, TProperty&gt;" signature="(...)" line-rate="1" branch-rate="1" complexity="1">
              <lines />
            </method>
            <method name="MustAsync&lt;T, TProperty&gt;" signature="(...)" line-rate="1" branch-rate="1" complexity="1">
              <lines />
            </method>
            <method name="LessThan&lt;T, TProperty&gt;" signature="(...)" line-rate="1" branch-rate="1" complexity="1">
              <lines />
            </method>
            <method name="LessThan&lt;T, TProperty&gt;" signature="(...)" line-rate="1" branch-rate="1" complexity="1">
              <lines />
            </method>
            <method name="LessThanOrEqualTo&lt;T, TProperty&gt;" signature="(...)" line-rate="1" branch-rate="1" complexity="1">
              <lines />
            </method>
            <method name="LessThanOrEqualTo&lt;T, TProperty&gt;" signature="(...)" line-rate="1" branch-rate="1" complexity="1">
              <lines />
            </method>
            <method name="GreaterThan&lt;T, TProperty&gt;" signature="(...)" line-rate="1" branch-rate="1" complexity="1">
              <lines />
            </method>
            <method name="GreaterThan&lt;T, TProperty&gt;" signature="(...)" line-rate="1" branch-rate="1" complexity="1">
              <lines />
            </method>
            <method name="GreaterThanOrEqualTo&lt;T, TProperty&gt;" signature="(...)" line-rate="1" branch-rate="1" complexity="1">
              <lines />
            </method>
            <method name="GreaterThanOrEqualTo&lt;T, TProperty&gt;" signature="(...)" line-rate="1" branch-rate="1" complexity="1">
              <lines />
            </method>
            <method name="LessThan&lt;T, TProperty&gt;" signature="(...)" line-rate="1" branch-rate="1" complexity="1">
              <lines />
            </method>
            <method name="LessThan&lt;T, TProperty&gt;" signature="(...)" line-rate="1" branch-rate="1" complexity="1">
              <lines />
            </method>
            <method name="LessThan&lt;T, TProperty&gt;" signature="(...)" line-rate="1" branch-rate="1" complexity="1">
              <lines />
            </method>
            <method name="LessThan&lt;T, TProperty&gt;" signature="(...)" line-rate="1" branch-rate="1" complexity="1">
              <lines />
            </method>
            <method name="LessThanOrEqualTo&lt;T, TProperty&gt;" signature="(...)" line-rate="1" branch-rate="1" complexity="1">
              <lines />
            </method>
            <method name="LessThanOrEqualTo&lt;T, TProperty&gt;" signature="(...)" line-rate="1" branch-rate="1" complexity="1">
              <lines />
            </method>
            <method name="LessThanOrEqualTo&lt;T, TProperty&gt;" signature="(...)" line-rate="1" branch-rate="1" complexity="1">
              <lines />
            </method>
            <method name="LessThanOrEqualTo&lt;T, TProperty&gt;" signature="(...)" line-rate="1" branch-rate="1" complexity="1">
              <lines />
            </method>
            <method name="GreaterThan&lt;T, TProperty&gt;" signature="(...)" line-rate="1" branch-rate="1" complexity="1">
              <lines />
            </method>
            <method name="GreaterThan&lt;T, TProperty&gt;" signature="(...)" line-rate="1" branch-rate="1" complexity="1">
              <lines />
            </method>
            <method name="GreaterThan&lt;T, TProperty&gt;" signature="(...)" line-rate="1" branch-rate="1" complexity="1">
              <lines />
            </method>
            <method name="GreaterThan&lt;T, TProperty&gt;" signature="(...)" line-rate="1" branch-rate="1" complexity="1">
              <lines />
            </method>
            <method name="GreaterThanOrEqualTo&lt;T, TProperty&gt;" signature="(...)" line-rate="1" branch-rate="1" complexity="1">
              <lines />
            </method>
            <method name="GreaterThanOrEqualTo&lt;T, TProperty&gt;" signature="(...)" line-rate="1" branch-rate="1" complexity="1">
              <lines />
            </method>
            <method name="GreaterThanOrEqualTo&lt;T, TProperty&gt;" signature="(...)" line-rate="1" branch-rate="1" complexity="1">
              <lines />
            </method>
            <method name="GreaterThanOrEqualTo&lt;T, TProperty&gt;" signature="(...)" line-rate="1" branch-rate="1" complexity="1">
              <lines />
            </method>
            <method name="InclusiveBetween&lt;T, TProperty&gt;" signature="(...)" line-rate="1" branch-rate="1" complexity="1">
              <lines />
            </method>
            <method name="InclusiveBetween&lt;T, TProperty&gt;" signature="(...)" line-rate="1" branch-rate="1" complexity="1">
              <lines />
            </method>
            <method name="InclusiveBetween&lt;T, TProperty&gt;" signature="(...)" line-rate="1" branch-rate="1" complexity="1">
              <lines />
            </method>
            <method name="ExclusiveBetween&lt;T, TProperty&gt;" signature="(...)" line-rate="1" branch-rate="1" complexity="1">
              <lines />
            </method>
            <method name="ExclusiveBetween&lt;T, TProperty&gt;" signature="(...)" line-rate="1" branch-rate="1" complexity="1">
              <lines />
            </method>
            <method name="ExclusiveBetween&lt;T, TProperty&gt;" signature="(...)" line-rate="1" branch-rate="1" complexity="1">
              <lines />
            </method>
            <method name="CreditCard&lt;T&gt;" signature="(...)" line-rate="1" branch-rate="1" complexity="1">
              <lines />
            </method>
            <method name="IsInEnum&lt;T, TProperty&gt;" signature="(...)" line-rate="1" branch-rate="1" complexity="1">
              <lines />
            </method>
            <method name="PrecisionScale&lt;T&gt;" signature="(...)" line-rate="1" branch-rate="1" complexity="1">
              <lines />
            </method>
            <method name="PrecisionScale&lt;T&gt;" signature="(...)" line-rate="1" branch-rate="1" complexity="1">
              <lines />
            </method>
            <method name="Custom&lt;T, TProperty&gt;" signature="(...)" line-rate="1" branch-rate="1" complexity="2">
              <lines />
            </method>
            <method name="CustomAsync&lt;T, TProperty&gt;" signature="(...)" line-rate="1" branch-rate="1" complexity="2">
              <lines />
            </method>
            <method name="ForEach&lt;T, TElement&gt;" signature="(...)" line-rate="1" branch-rate="1" complexity="1">
              <lines />
            </method>
            <method name="IsEnumName&lt;T&gt;" signature="(...)" line-rate="1" branch-rate="1" complexity="1">
              <lines />
            </method>
            <method name="ChildRules&lt;T, TProperty&gt;" signature="(...)" line-rate="1" branch-rate="1" complexity="10">
              <lines />
            </method>
            <method name="SetInheritanceValidator&lt;T, TProperty&gt;" signature="(...)" line-rate="1" branch-rate="1" complexity="2">
              <lines />
            </method>
            <method name="GetDisplayName&lt;T, TProperty&gt;" signature="(...)" line-rate="1" branch-rate="1" complexity="4">
              <lines />
            </method>
            <method name="MoveNext" signature="()" line-rate="1" branch-rate="1" complexity="1">
              <lines />
            </method>
          </methods>
          <lines />
        </class>
        <class name="FluentValidation.DefaultValidatorExtensions" filename="/_/src/FluentValidation/DefaultValidatorExtensions_Validate.cs" line-rate="1" branch-rate="1" complexity="6">
          <methods>
            <method name="Validate&lt;T&gt;" signature="(...)" line-rate="1" branch-rate="1" complexity="1">
              <lines />
            </method>
            <method name="ValidateAsync&lt;T&gt;" signature="(...)" line-rate="1" branch-rate="1" complexity="1">
              <lines />
            </method>
            <method name="ValidateAndThrow&lt;T&gt;" signature="(...)" line-rate="1" branch-rate="1" complexity="2">
              <lines />
            </method>
            <method name="MoveNext" signature="()" line-rate="1" branch-rate="1" complexity="2">
              <lines />
            </method>
          </methods>
          <lines />
        </class>
        <class name="FluentValidation.DefaultValidatorExtensions.&lt;&gt;c__76&lt;T&gt;" filename="/_/src/FluentValidation/DefaultValidatorExtensions_Validate.cs" line-rate="1" branch-rate="1" complexity="NaN">
          <methods />
          <lines />
        </class>
        <class name="FluentValidation.DefaultValidatorExtensions.&lt;&gt;c__77&lt;T&gt;" filename="/_/src/FluentValidation/DefaultValidatorExtensions_Validate.cs" line-rate="1" branch-rate="1" complexity="NaN">
          <methods />
          <lines />
        </class>
        <class name="FluentValidation.DefaultValidatorExtensions.&lt;&gt;c__DisplayClass27_0&lt;T, TProperty&gt;" filename="/_/src/FluentValidation/DefaultValidatorExtensions.cs" line-rate="1" branch-rate="1" complexity="NaN">
          <methods />
          <lines />
        </class>
        <class name="FluentValidation.DefaultValidatorExtensions.&lt;&gt;c__DisplayClass28_0&lt;T, TProperty&gt;" filename="/_/src/FluentValidation/DefaultValidatorExtensions.cs" line-rate="1" branch-rate="1" complexity="NaN">
          <methods />
          <lines />
        </class>
        <class name="FluentValidation.DefaultValidatorExtensions.&lt;&gt;c__DisplayClass30_0&lt;T, TProperty&gt;" filename="/_/src/FluentValidation/DefaultValidatorExtensions.cs" line-rate="1" branch-rate="1" complexity="NaN">
          <methods />
          <lines />
        </class>
        <class name="FluentValidation.DefaultValidatorExtensions.&lt;&gt;c__DisplayClass31_0&lt;T, TProperty&gt;" filename="/_/src/FluentValidation/DefaultValidatorExtensions.cs" line-rate="1" branch-rate="1" complexity="NaN">
          <methods />
          <lines />
        </class>
        <class name="FluentValidation.DefaultValidatorExtensions.&lt;&gt;c__DisplayClass42_0&lt;T, TProperty&gt;" filename="/_/src/FluentValidation/DefaultValidatorExtensions.cs" line-rate="1" branch-rate="1" complexity="NaN">
          <methods />
          <lines />
        </class>
        <class name="FluentValidation.DefaultValidatorExtensions.&lt;&gt;c__DisplayClass44_0&lt;T, TProperty&gt;" filename="/_/src/FluentValidation/DefaultValidatorExtensions.cs" line-rate="1" branch-rate="1" complexity="NaN">
          <methods />
          <lines />
        </class>
        <class name="FluentValidation.DefaultValidatorExtensions.&lt;&gt;c__DisplayClass45_0&lt;T, TProperty&gt;" filename="/_/src/FluentValidation/DefaultValidatorExtensions.cs" line-rate="1" branch-rate="1" complexity="NaN">
          <methods />
          <lines />
        </class>
        <class name="FluentValidation.DefaultValidatorExtensions.&lt;&gt;c__DisplayClass46_0&lt;T, TProperty&gt;" filename="/_/src/FluentValidation/DefaultValidatorExtensions.cs" line-rate="1" branch-rate="1" complexity="NaN">
          <methods />
          <lines />
        </class>
        <class name="FluentValidation.DefaultValidatorExtensions.&lt;&gt;c__DisplayClass48_0&lt;T, TProperty&gt;" filename="/_/src/FluentValidation/DefaultValidatorExtensions.cs" line-rate="1" branch-rate="1" complexity="NaN">
          <methods />
          <lines />
        </class>
        <class name="FluentValidation.DefaultValidatorExtensions.&lt;&gt;c__DisplayClass50_0&lt;T, TProperty&gt;" filename="/_/src/FluentValidation/DefaultValidatorExtensions.cs" line-rate="1" branch-rate="1" complexity="NaN">
          <methods />
          <lines />
        </class>
        <class name="FluentValidation.DefaultValidatorExtensions.&lt;&gt;c__DisplayClass51_0&lt;T, TProperty&gt;" filename="/_/src/FluentValidation/DefaultValidatorExtensions.cs" line-rate="1" branch-rate="1" complexity="NaN">
          <methods />
          <lines />
        </class>
        <class name="FluentValidation.DefaultValidatorExtensions.&lt;&gt;c__DisplayClass52_0&lt;T, TProperty&gt;" filename="/_/src/FluentValidation/DefaultValidatorExtensions.cs" line-rate="1" branch-rate="1" complexity="NaN">
          <methods />
          <lines />
        </class>
        <class name="FluentValidation.DefaultValidatorExtensions.&lt;&gt;c__DisplayClass54_0&lt;T, TProperty&gt;" filename="/_/src/FluentValidation/DefaultValidatorExtensions.cs" line-rate="1" branch-rate="1" complexity="NaN">
          <methods />
          <lines />
        </class>
        <class name="FluentValidation.DefaultValidatorExtensions.&lt;&gt;c__DisplayClass55_0&lt;T, TProperty&gt;" filename="/_/src/FluentValidation/DefaultValidatorExtensions.cs" line-rate="1" branch-rate="1" complexity="NaN">
          <methods />
          <lines />
        </class>
        <class name="FluentValidation.DefaultValidatorExtensions.&lt;&gt;c__DisplayClass67_0&lt;T, TProperty&gt;" filename="/_/src/FluentValidation/DefaultValidatorExtensions.cs" line-rate="1" branch-rate="1" complexity="NaN">
          <methods />
          <lines />
        </class>
        <class name="FluentValidation.DefaultValidatorExtensions.&lt;&gt;c__DisplayClass68_0.&lt;&lt;CustomAsync&gt;b__0&gt;d&lt;T, TProperty&gt;" filename="/_/src/FluentValidation/DefaultValidatorExtensions.cs" line-rate="1" branch-rate="1" complexity="1">
          <methods>
            <method name="MoveNext" signature="()" line-rate="1" branch-rate="1" complexity="1">
              <lines />
            </method>
          </methods>
          <lines />
        </class>
        <class name="FluentValidation.DefaultValidatorExtensions.&lt;&gt;c__DisplayClass69_0&lt;T, TElement&gt;" filename="/_/src/FluentValidation/DefaultValidatorExtensions.cs" line-rate="1" branch-rate="1" complexity="NaN">
          <methods />
          <lines />
        </class>
        <class name="FluentValidation.DefaultValidatorExtensions.&lt;ValidateAndThrowAsync&gt;d__77&lt;T&gt;" filename="/_/src/FluentValidation/DefaultValidatorExtensions_Validate.cs" line-rate="1" branch-rate="1" complexity="2">
          <methods>
            <method name="MoveNext" signature="()" line-rate="1" branch-rate="1" complexity="2">
              <lines />
            </method>
          </methods>
          <lines />
        </class>
        <class name="FluentValidation.DefaultValidatorOptions" filename="/_/src/FluentValidation/DefaultValidatorOptions.cs" line-rate="1" branch-rate="1" complexity="47">
          <methods>
            <method name="Configure&lt;T, TProperty&gt;" signature="(...)" line-rate="1" branch-rate="1" complexity="1">
              <lines />
            </method>
            <method name="Configure&lt;T, TProperty&gt;" signature="(...)" line-rate="1" branch-rate="1" complexity="1">
              <lines />
            </method>
            <method name="Configure&lt;T, TElement&gt;" signature="(...)" line-rate="1" branch-rate="1" complexity="1">
              <lines />
            </method>
            <method name="Configurable&lt;T, TProperty&gt;" signature="(...)" line-rate="1" branch-rate="1" complexity="1">
              <lines />
            </method>
            <method name="Configurable&lt;T, TCollectionElement&gt;" signature="(...)" line-rate="1" branch-rate="1" complexity="1">
              <lines />
            </method>
            <method name="Cascade&lt;T, TProperty&gt;" signature="(...)" line-rate="1" branch-rate="1" complexity="1">
              <lines />
            </method>
            <method name="Cascade&lt;T, TProperty&gt;" signature="(...)" line-rate="1" branch-rate="1" complexity="1">
              <lines />
            </method>
            <method name="WithMessage&lt;T, TProperty&gt;" signature="(...)" line-rate="1" branch-rate="1" complexity="1">
              <lines />
            </method>
            <method name="WithMessage&lt;T, TProperty&gt;" signature="(...)" line-rate="1" branch-rate="1" complexity="1">
              <lines />
            </method>
            <method name="WithMessage&lt;T, TProperty&gt;" signature="(...)" line-rate="1" branch-rate="1" complexity="1">
              <lines />
            </method>
            <method name="WithErrorCode&lt;T, TProperty&gt;" signature="(...)" line-rate="1" branch-rate="1" complexity="1">
              <lines />
            </method>
            <method name="When&lt;T, TProperty&gt;" signature="(...)" line-rate="1" branch-rate="1" complexity="1">
              <lines />
            </method>
            <method name="When&lt;T, TProperty&gt;" signature="(...)" line-rate="1" branch-rate="1" complexity="1">
              <lines />
            </method>
            <method name="When&lt;T, TProperty&gt;" signature="(...)" line-rate="1" branch-rate="1" complexity="1">
              <lines />
            </method>
            <method name="When&lt;T, TProperty&gt;" signature="(...)" line-rate="1" branch-rate="1" complexity="1">
              <lines />
            </method>
            <method name="Unless&lt;T, TProperty&gt;" signature="(...)" line-rate="1" branch-rate="1" complexity="1">
              <lines />
            </method>
            <method name="Unless&lt;T, TProperty&gt;" signature="(...)" line-rate="1" branch-rate="1" complexity="1">
              <lines />
            </method>
            <method name="Unless&lt;T, TProperty&gt;" signature="(...)" line-rate="1" branch-rate="1" complexity="1">
              <lines />
            </method>
            <method name="Unless&lt;T, TProperty&gt;" signature="(...)" line-rate="1" branch-rate="1" complexity="1">
              <lines />
            </method>
            <method name="WhenAsync&lt;T, TProperty&gt;" signature="(...)" line-rate="1" branch-rate="1" complexity="1">
              <lines />
            </method>
            <method name="WhenAsync&lt;T, TProperty&gt;" signature="(...)" line-rate="1" branch-rate="1" complexity="1">
              <lines />
            </method>
            <method name="WhenAsync&lt;T, TProperty&gt;" signature="(...)" line-rate="1" branch-rate="1" complexity="1">
              <lines />
            </method>
            <method name="WhenAsync&lt;T, TProperty&gt;" signature="(...)" line-rate="1" branch-rate="1" complexity="1">
              <lines />
            </method>
            <method name="UnlessAsync&lt;T, TProperty&gt;" signature="(...)" line-rate="1" branch-rate="1" complexity="1">
              <lines />
            </method>
            <method name="UnlessAsync&lt;T, TProperty&gt;" signature="(...)" line-rate="1" branch-rate="1" complexity="1">
              <lines />
            </method>
            <method name="UnlessAsync&lt;T, TProperty&gt;" signature="(...)" line-rate="1" branch-rate="1" complexity="1">
              <lines />
            </method>
            <method name="UnlessAsync&lt;T, TProperty&gt;" signature="(...)" line-rate="1" branch-rate="1" complexity="1">
              <lines />
            </method>
            <method name="Where&lt;T, TCollectionElement&gt;" signature="(...)" line-rate="1" branch-rate="1" complexity="1">
              <lines />
            </method>
            <method name="WhereAsync&lt;T, TCollectionElement&gt;" signature="(...)" line-rate="1" branch-rate="1" complexity="1">
              <lines />
            </method>
            <method name="WithName&lt;T, TProperty&gt;" signature="(...)" line-rate="1" branch-rate="1" complexity="1">
              <lines />
            </method>
            <method name="WithName&lt;T, TProperty&gt;" signature="(...)" line-rate="1" branch-rate="1" complexity="1">
              <lines />
            </method>
            <method name="OverridePropertyName&lt;T, TProperty&gt;" signature="(...)" line-rate="1" branch-rate="1" complexity="2">
              <lines />
            </method>
            <method name="OverridePropertyName&lt;T, TProperty&gt;" signature="(...)" line-rate="1" branch-rate="1" complexity="4">
              <lines />
            </method>
            <method name="WithState&lt;T, TProperty&gt;" signature="(...)" line-rate="1" branch-rate="1" complexity="1">
              <lines />
            </method>
            <method name="WithState&lt;T, TProperty&gt;" signature="(...)" line-rate="1" branch-rate="1" complexity="1">
              <lines />
            </method>
            <method name="WithState&lt;T, TProperty&gt;" signature="(...)" line-rate="1" branch-rate="1" complexity="1">
              <lines />
            </method>
            <method name="WithSeverity&lt;T, TProperty&gt;" signature="(...)" line-rate="1" branch-rate="1" complexity="1">
              <lines />
            </method>
            <method name="WithSeverity&lt;T, TProperty&gt;" signature="(...)" line-rate="1" branch-rate="1" complexity="1">
              <lines />
            </method>
            <method name="WithSeverity&lt;T, TProperty&gt;" signature="(...)" line-rate="1" branch-rate="1" complexity="1">
              <lines />
            </method>
            <method name="WithSeverity&lt;T, TProperty&gt;" signature="(...)" line-rate="1" branch-rate="1" complexity="1">
              <lines />
            </method>
            <method name="OverrideIndexer&lt;T, TCollectionElement&gt;" signature="(...)" line-rate="1" branch-rate="1" complexity="1">
              <lines />
            </method>
            <method name="MoveNext" signature="()" line-rate="1" branch-rate="1" complexity="1">
              <lines />
            </method>
            <method name="MoveNext" signature="()" line-rate="1" branch-rate="1" complexity="1">
              <lines />
            </method>
          </methods>
          <lines />
        </class>
        <class name="FluentValidation.DefaultValidatorOptions.&lt;&gt;c__DisplayClass11_0&lt;T, TProperty&gt;" filename="/_/src/FluentValidation/DefaultValidatorOptions.cs" line-rate="1" branch-rate="1" complexity="NaN">
          <methods />
          <lines />
        </class>
        <class name="FluentValidation.DefaultValidatorOptions.&lt;&gt;c__DisplayClass12_0&lt;T, TProperty&gt;" filename="/_/src/FluentValidation/DefaultValidatorOptions.cs" line-rate="1" branch-rate="1" complexity="NaN">
          <methods />
          <lines />
        </class>
        <class name="FluentValidation.DefaultValidatorOptions.&lt;&gt;c__DisplayClass13_0&lt;T, TProperty&gt;" filename="/_/src/FluentValidation/DefaultValidatorOptions.cs" line-rate="1" branch-rate="1" complexity="NaN">
          <methods />
          <lines />
        </class>
        <class name="FluentValidation.DefaultValidatorOptions.&lt;&gt;c__DisplayClass14_0&lt;T, TProperty&gt;" filename="/_/src/FluentValidation/DefaultValidatorOptions.cs" line-rate="1" branch-rate="1" complexity="NaN">
          <methods />
          <lines />
        </class>
        <class name="FluentValidation.DefaultValidatorOptions.&lt;&gt;c__DisplayClass15_0&lt;T, TProperty&gt;" filename="/_/src/FluentValidation/DefaultValidatorOptions.cs" line-rate="1" branch-rate="1" complexity="NaN">
          <methods />
          <lines />
        </class>
        <class name="FluentValidation.DefaultValidatorOptions.&lt;&gt;c__DisplayClass16_0&lt;T, TProperty&gt;" filename="/_/src/FluentValidation/DefaultValidatorOptions.cs" line-rate="1" branch-rate="1" complexity="NaN">
          <methods />
          <lines />
        </class>
        <class name="FluentValidation.DefaultValidatorOptions.&lt;&gt;c__DisplayClass17_0&lt;T, TProperty&gt;" filename="/_/src/FluentValidation/DefaultValidatorOptions.cs" line-rate="1" branch-rate="1" complexity="NaN">
          <methods />
          <lines />
        </class>
        <class name="FluentValidation.DefaultValidatorOptions.&lt;&gt;c__DisplayClass18_0&lt;T, TProperty&gt;" filename="/_/src/FluentValidation/DefaultValidatorOptions.cs" line-rate="1" branch-rate="1" complexity="NaN">
          <methods />
          <lines />
        </class>
        <class name="FluentValidation.DefaultValidatorOptions.&lt;&gt;c__DisplayClass19_0&lt;T, TProperty&gt;" filename="/_/src/FluentValidation/DefaultValidatorOptions.cs" line-rate="1" branch-rate="1" complexity="NaN">
          <methods />
          <lines />
        </class>
        <class name="FluentValidation.DefaultValidatorOptions.&lt;&gt;c__DisplayClass20_0&lt;T, TProperty&gt;" filename="/_/src/FluentValidation/DefaultValidatorOptions.cs" line-rate="1" branch-rate="1" complexity="NaN">
          <methods />
          <lines />
        </class>
        <class name="FluentValidation.DefaultValidatorOptions.&lt;&gt;c__DisplayClass21_0&lt;T, TProperty&gt;" filename="/_/src/FluentValidation/DefaultValidatorOptions.cs" line-rate="1" branch-rate="1" complexity="NaN">
          <methods />
          <lines />
        </class>
        <class name="FluentValidation.DefaultValidatorOptions.&lt;&gt;c__DisplayClass22_0&lt;T, TProperty&gt;" filename="/_/src/FluentValidation/DefaultValidatorOptions.cs" line-rate="1" branch-rate="1" complexity="NaN">
          <methods />
          <lines />
        </class>
        <class name="FluentValidation.DefaultValidatorOptions.&lt;&gt;c__DisplayClass23_0&lt;T, TProperty&gt;" filename="/_/src/FluentValidation/DefaultValidatorOptions.cs" line-rate="1" branch-rate="1" complexity="NaN">
          <methods />
          <lines />
        </class>
        <class name="FluentValidation.DefaultValidatorOptions.&lt;&gt;c__DisplayClass24_0&lt;T, TProperty&gt;" filename="/_/src/FluentValidation/DefaultValidatorOptions.cs" line-rate="1" branch-rate="1" complexity="NaN">
          <methods />
          <lines />
        </class>
        <class name="FluentValidation.DefaultValidatorOptions.&lt;&gt;c__DisplayClass25_0.&lt;&lt;UnlessAsync&gt;b__0&gt;d&lt;T, TProperty&gt;" filename="/_/src/FluentValidation/DefaultValidatorOptions.cs" line-rate="1" branch-rate="1" complexity="1">
          <methods>
            <method name="MoveNext" signature="()" line-rate="1" branch-rate="1" complexity="1">
              <lines />
            </method>
          </methods>
          <lines />
        </class>
        <class name="FluentValidation.DefaultValidatorOptions.&lt;&gt;c__DisplayClass26_0.&lt;&lt;UnlessAsync&gt;b__0&gt;d&lt;T, TProperty&gt;" filename="/_/src/FluentValidation/DefaultValidatorOptions.cs" line-rate="1" branch-rate="1" complexity="1">
          <methods>
            <method name="MoveNext" signature="()" line-rate="1" branch-rate="1" complexity="1">
              <lines />
            </method>
          </methods>
          <lines />
        </class>
        <class name="FluentValidation.DefaultValidatorOptions.&lt;&gt;c__DisplayClass30_0&lt;T, TProperty&gt;" filename="/_/src/FluentValidation/DefaultValidatorOptions.cs" line-rate="1" branch-rate="1" complexity="NaN">
          <methods />
          <lines />
        </class>
        <class name="FluentValidation.DefaultValidatorOptions.&lt;&gt;c__DisplayClass33_0&lt;T, TProperty&gt;" filename="/_/src/FluentValidation/DefaultValidatorOptions.cs" line-rate="1" branch-rate="1" complexity="NaN">
          <methods />
          <lines />
        </class>
        <class name="FluentValidation.DefaultValidatorOptions.&lt;&gt;c__DisplayClass34_0&lt;T, TProperty&gt;" filename="/_/src/FluentValidation/DefaultValidatorOptions.cs" line-rate="1" branch-rate="1" complexity="NaN">
          <methods />
          <lines />
        </class>
        <class name="FluentValidation.DefaultValidatorOptions.&lt;&gt;c__DisplayClass35_0&lt;T, TProperty&gt;" filename="/_/src/FluentValidation/DefaultValidatorOptions.cs" line-rate="1" branch-rate="1" complexity="NaN">
          <methods />
          <lines />
        </class>
        <class name="FluentValidation.DefaultValidatorOptions.&lt;&gt;c__DisplayClass36_0&lt;T, TProperty&gt;" filename="/_/src/FluentValidation/DefaultValidatorOptions.cs" line-rate="1" branch-rate="1" complexity="NaN">
          <methods />
          <lines />
        </class>
        <class name="FluentValidation.DefaultValidatorOptions.&lt;&gt;c__DisplayClass37_0&lt;T, TProperty&gt;" filename="/_/src/FluentValidation/DefaultValidatorOptions.cs" line-rate="1" branch-rate="1" complexity="NaN">
          <methods />
          <lines />
        </class>
        <class name="FluentValidation.DefaultValidatorOptions.&lt;&gt;c__DisplayClass38_0&lt;T, TProperty&gt;" filename="/_/src/FluentValidation/DefaultValidatorOptions.cs" line-rate="1" branch-rate="1" complexity="NaN">
          <methods />
          <lines />
        </class>
        <class name="FluentValidation.DefaultValidatorOptions.&lt;&gt;c__DisplayClass39_0&lt;T, TProperty&gt;" filename="/_/src/FluentValidation/DefaultValidatorOptions.cs" line-rate="1" branch-rate="1" complexity="NaN">
          <methods />
          <lines />
        </class>
        <class name="FluentValidation.DefaultValidatorOptions.&lt;&gt;c__DisplayClass8_0&lt;T, TProperty&gt;" filename="/_/src/FluentValidation/DefaultValidatorOptions.cs" line-rate="1" branch-rate="1" complexity="NaN">
          <methods />
          <lines />
        </class>
        <class name="FluentValidation.DefaultValidatorOptions.&lt;&gt;c__DisplayClass9_0&lt;T, TProperty&gt;" filename="/_/src/FluentValidation/DefaultValidatorOptions.cs" line-rate="1" branch-rate="1" complexity="NaN">
          <methods />
          <lines />
        </class>
        <class name="FluentValidation.InlineValidator&lt;T&gt;" filename="/_/src/FluentValidation/InlineValidator.cs" line-rate="1" branch-rate="1" complexity="1">
          <methods>
            <method name="Add&lt;TProperty&gt;" signature="(...)" line-rate="1" branch-rate="1" complexity="1">
              <lines />
            </method>
          </methods>
          <lines />
        </class>
        <class name="FluentValidation.Internal.AccessorCache.&lt;&gt;c__1&lt;T, TProperty&gt;" filename="/_/src/FluentValidation/Internal/AccessorCache.cs" line-rate="1" branch-rate="1" complexity="NaN">
          <methods />
          <lines />
        </class>
        <class name="FluentValidation.Internal.AccessorCache.Key&lt;T&gt;" filename="/_/src/FluentValidation/Internal/AccessorCache.cs" line-rate="1" branch-rate="1" complexity="14">
          <methods>
            <method name=".ctor" signature="(...)" line-rate="1" branch-rate="1" complexity="2">
              <lines />
            </method>
            <method name="Equals" signature="(...)" line-rate="1" branch-rate="1" complexity="2">
              <lines />
            </method>
            <method name="Equals" signature="(...)" line-rate="1" branch-rate="1" complexity="6">
              <lines />
            </method>
            <method name="GetHashCode" signature="()" line-rate="1" branch-rate="1" complexity="4">
              <lines />
            </method>
          </methods>
          <lines />
        </class>
        <class name="FluentValidation.Internal.AccessorCache&lt;T&gt;" filename="/_/src/FluentValidation/Internal/AccessorCache.cs" line-rate="1" branch-rate="1" complexity="14">
          <methods>
            <method name="GetCachedAccessor&lt;TProperty&gt;" signature="(...)" line-rate="1" branch-rate="1" complexity="12">
              <lines />
            </method>
            <method name="Clear" signature="()" line-rate="1" branch-rate="1" complexity="1">
              <lines />
            </method>
            <method name=".cctor" signature="()" line-rate="1" branch-rate="1" complexity="1">
              <lines />
            </method>
          </methods>
          <lines />
        </class>
        <class name="FluentValidation.Internal.AsyncConditionBuilder.&lt;&gt;c__DisplayClass2_0.&lt;&lt;WhenAsync&gt;g__Condition|0&gt;d&lt;T&gt;" filename="/_/src/FluentValidation/Internal/ConditionBuilder.cs" line-rate="1" branch-rate="1" complexity="10">
          <methods>
            <method name="MoveNext" signature="()" line-rate="1" branch-rate="1" complexity="10">
              <lines />
            </method>
          </methods>
          <lines />
        </class>
        <class name="FluentValidation.Internal.AsyncConditionBuilder.&lt;&gt;c__DisplayClass3_0.&lt;&lt;UnlessAsync&gt;b__0&gt;d&lt;T&gt;" filename="/_/src/FluentValidation/Internal/ConditionBuilder.cs" line-rate="1" branch-rate="1" complexity="1">
          <methods>
            <method name="MoveNext" signature="()" line-rate="1" branch-rate="1" complexity="1">
              <lines />
            </method>
          </methods>
          <lines />
        </class>
        <class name="FluentValidation.Internal.AsyncConditionBuilder&lt;T&gt;" filename="/_/src/FluentValidation/Internal/ConditionBuilder.cs" line-rate="1" branch-rate="1" complexity="4">
          <methods>
            <method name=".ctor" signature="(...)" line-rate="1" branch-rate="1" complexity="1">
              <lines />
            </method>
            <method name="WhenAsync" signature="(...)" line-rate="1" branch-rate="1" complexity="2">
              <lines />
            </method>
            <method name="UnlessAsync" signature="(...)" line-rate="1" branch-rate="1" complexity="1">
              <lines />
            </method>
          </methods>
          <lines />
        </class>
        <class name="FluentValidation.Internal.AsyncConditionOtherwiseBuilder.&lt;&lt;Otherwise&gt;b__3_0&gt;d&lt;T&gt;" filename="/_/src/FluentValidation/Internal/ConditionBuilder.cs" line-rate="1" branch-rate="1" complexity="1">
          <methods>
            <method name="MoveNext" signature="()" line-rate="1" branch-rate="1" complexity="1">
              <lines />
            </method>
          </methods>
          <lines />
        </class>
        <class name="FluentValidation.Internal.AsyncConditionOtherwiseBuilder&lt;T&gt;" filename="/_/src/FluentValidation/Internal/ConditionBuilder.cs" line-rate="1" branch-rate="1" complexity="3">
          <methods>
            <method name=".ctor" signature="(...)" line-rate="1" branch-rate="1" complexity="1">
              <lines />
            </method>
            <method name="Otherwise" signature="(...)" line-rate="1" branch-rate="1" complexity="2">
              <lines />
            </method>
          </methods>
          <lines />
        </class>
        <class name="FluentValidation.Internal.CollectionPropertyRule.&lt;&gt;c__DisplayClass13_0&lt;T, TElement&gt;" filename="/_/src/FluentValidation/Internal/CollectionPropertyRule.cs" line-rate="1" branch-rate="1" complexity="NaN">
          <methods />
          <lines />
        </class>
        <class name="FluentValidation.Internal.CollectionPropertyRule.&lt;FluentValidation-IValidationRuleInternal&lt;T&gt;-ValidateAsync&gt;d__14&lt;T, TElement&gt;" filename="/_/src/FluentValidation/Internal/CollectionPropertyRule.cs" line-rate="1" branch-rate="1" complexity="46">
          <methods>
            <method name="MoveNext" signature="()" line-rate="1" branch-rate="1" complexity="46">
              <lines />
            </method>
          </methods>
          <lines />
        </class>
        <class name="FluentValidation.Internal.CollectionPropertyRule.&lt;GetValidatorsToExecuteAsync&gt;d__16&lt;T, TElement&gt;" filename="/_/src/FluentValidation/Internal/CollectionPropertyRule.cs" line-rate="1" branch-rate="1" complexity="8">
          <methods>
            <method name="MoveNext" signature="()" line-rate="1" branch-rate="1" complexity="8">
              <lines />
            </method>
          </methods>
          <lines />
        </class>
        <class name="FluentValidation.Internal.CollectionPropertyRule&lt;T, TElement&gt;" filename="/_/src/FluentValidation/Internal/CollectionPropertyRule.cs" line-rate="1" branch-rate="1" complexity="14">
          <methods>
            <method name=".ctor" signature="(...)" line-rate="1" branch-rate="1" complexity="1">
              <lines />
            </method>
            <method name="get_Filter" signature="()" line-rate="1" branch-rate="1" complexity="1">
              <lines />
            </method>
            <method name="set_Filter" signature="(...)" line-rate="1" branch-rate="1" complexity="1">
              <lines />
            </method>
            <method name="get_AsyncFilter" signature="()" line-rate="1" branch-rate="1" complexity="1">
              <lines />
            </method>
            <method name="set_AsyncFilter" signature="(...)" line-rate="1" branch-rate="1" complexity="1">
              <lines />
            </method>
            <method name="get_IndexBuilder" signature="()" line-rate="1" branch-rate="1" complexity="1">
              <lines />
            </method>
            <method name="set_IndexBuilder" signature="(...)" line-rate="1" branch-rate="1" complexity="1">
              <lines />
            </method>
            <method name="Create" signature="(...)" line-rate="1" branch-rate="1" complexity="1">
              <lines />
            </method>
            <method name="FluentValidation.IValidationRuleInternal&lt;T&gt;.AddDependentRules" signature="(...)" line-rate="1" branch-rate="1" complexity="2">
              <lines />
            </method>
            <method name="InferPropertyName" signature="(...)" line-rate="1" branch-rate="1" complexity="4">
              <lines />
            </method>
          </methods>
          <lines />
        </class>
        <class name="FluentValidation.Internal.CollectionPropertyRule&lt;T, TElement&gt;" filename="/_/src/FluentValidation/obj/Release/net8.0/Zomp.SyncMethodGenerator/Zomp.SyncMethodGenerator.SyncMethodSourceGenerator/FluentValidation.Internal.CollectionPropertyRule.GetValidatorsToExecuteAsync.g.cs" line-rate="1" branch-rate="1" complexity="8">
          <methods>
            <method name="GetValidatorsToExecute" signature="(...)" line-rate="1" branch-rate="1" complexity="8">
              <lines />
            </method>
          </methods>
          <lines />
        </class>
        <class name="FluentValidation.Internal.CollectionPropertyRule&lt;T, TElement&gt;" filename="/_/src/FluentValidation/obj/Release/net8.0/Zomp.SyncMethodGenerator/Zomp.SyncMethodGenerator.SyncMethodSourceGenerator/FluentValidation.Internal.CollectionPropertyRule.ValidateAsync.g.cs" line-rate="1" branch-rate="1" complexity="46">
          <methods>
            <method name="global::FluentValidation.IValidationRuleInternal&lt;T&gt;.Validate" signature="(...)" line-rate="1" branch-rate="1" complexity="46">
              <lines />
            </method>
          </methods>
          <lines />
        </class>
        <class name="FluentValidation.Internal.CompositeValidatorSelector" filename="/_/src/FluentValidation/Internal/CompositeValidatorSelector.cs" line-rate="1" branch-rate="1" complexity="2">
          <methods>
            <method name=".ctor" signature="(...)" line-rate="1" branch-rate="1" complexity="1">
              <lines />
            </method>
            <method name="CanExecute" signature="(...)" line-rate="1" branch-rate="1" complexity="1">
              <lines />
            </method>
          </methods>
          <lines />
        </class>
        <class name="FluentValidation.Internal.ConditionBuilder.&lt;&gt;c__DisplayClass2_0&lt;T&gt;" filename="/_/src/FluentValidation/Internal/ConditionBuilder.cs" line-rate="1" branch-rate="1" complexity="NaN">
          <methods />
          <lines />
        </class>
        <class name="FluentValidation.Internal.ConditionBuilder.&lt;&gt;c__DisplayClass3_0&lt;T&gt;" filename="/_/src/FluentValidation/Internal/ConditionBuilder.cs" line-rate="1" branch-rate="1" complexity="NaN">
          <methods />
          <lines />
        </class>
        <class name="FluentValidation.Internal.ConditionBuilder&lt;T&gt;" filename="/_/src/FluentValidation/Internal/ConditionBuilder.cs" line-rate="1" branch-rate="1" complexity="4">
          <methods>
            <method name=".ctor" signature="(...)" line-rate="1" branch-rate="1" complexity="1">
              <lines />
            </method>
            <method name="When" signature="(...)" line-rate="1" branch-rate="1" complexity="2">
              <lines />
            </method>
            <method name="Unless" signature="(...)" line-rate="1" branch-rate="1" complexity="1">
              <lines />
            </method>
          </methods>
          <lines />
        </class>
        <class name="FluentValidation.Internal.ConditionOtherwiseBuilder&lt;T&gt;" filename="/_/src/FluentValidation/Internal/ConditionBuilder.cs" line-rate="1" branch-rate="1" complexity="3">
          <methods>
            <method name=".ctor" signature="(...)" line-rate="1" branch-rate="1" complexity="1">
              <lines />
            </method>
            <method name="Otherwise" signature="(...)" line-rate="1" branch-rate="1" complexity="2">
              <lines />
            </method>
          </methods>
          <lines />
        </class>
        <class name="FluentValidation.Internal.DefaultValidatorSelector" filename="/_/src/FluentValidation/Internal/DefaultValidatorSelector.cs" line-rate="1" branch-rate="1" complexity="6">
          <methods>
            <method name="CanExecute" signature="(...)" line-rate="1" branch-rate="1" complexity="6">
              <lines />
            </method>
          </methods>
          <lines />
        </class>
        <class name="FluentValidation.Internal.Extensions" filename="/_/src/FluentValidation/Internal/Extensions.cs" line-rate="1" branch-rate="1" complexity="12">
          <methods>
            <method name="GetMember&lt;T, TProperty&gt;" signature="(...)" line-rate="1" branch-rate="1" complexity="10">
              <lines />
            </method>
            <method name="RemoveUnary" signature="(...)" line-rate="1" branch-rate="1" complexity="2">
              <lines />
            </method>
          </methods>
          <lines />
        </class>
        <class name="FluentValidation.Internal.ExtensionsInternal" filename="/_/src/FluentValidation/Internal/ExtensionsInternal.cs" line-rate="1" branch-rate="1" complexity="31">
          <methods>
            <method name="ThrowIfNullOrEmpty" signature="(...)" line-rate="1" branch-rate="1" complexity="2">
              <lines />
            </method>
            <method name="IsParameterExpression" signature="(...)" line-rate="1" branch-rate="1" complexity="1">
              <lines />
            </method>
            <method name="SplitPascalCase" signature="(...)" line-rate="1" branch-rate="1" complexity="20">
              <lines />
            </method>
            <method name="GetOrAdd&lt;T&gt;" signature="(...)" line-rate="1" branch-rate="1" complexity="4">
              <lines />
            </method>
            <method name="ResolveErrorMessageUsingErrorCode" signature="(...)" line-rate="1" branch-rate="1" complexity="4">
              <lines />
            </method>
          </methods>
          <lines />
        </class>
        <class name="FluentValidation.Internal.IncludeRule.&lt;&gt;c__DisplayClass3_0&lt;T, TValidator&gt;" filename="/_/src/FluentValidation/Internal/IncludeRule.cs" line-rate="1" branch-rate="1" complexity="NaN">
          <methods />
          <lines />
        </class>
        <class name="FluentValidation.Internal.IncludeRule.&lt;&gt;c&lt;T&gt;" filename="/_/src/FluentValidation/Internal/IncludeRule.cs" line-rate="1" branch-rate="1" complexity="NaN">
          <methods />
          <lines />
        </class>
        <class name="FluentValidation.Internal.IncludeRule.&lt;ValidateAsync&gt;d__4&lt;T&gt;" filename="/_/src/FluentValidation/Internal/IncludeRule.cs" line-rate="1" branch-rate="1" complexity="4">
          <methods>
            <method name="MoveNext" signature="()" line-rate="1" branch-rate="1" complexity="4">
              <lines />
            </method>
          </methods>
          <lines />
        </class>
        <class name="FluentValidation.Internal.IncludeRule&lt;T&gt;" filename="/_/src/FluentValidation/Internal/IncludeRule.cs" line-rate="1" branch-rate="1" complexity="6">
          <methods>
            <method name=".ctor" signature="(...)" line-rate="1" branch-rate="1" complexity="2">
              <lines />
            </method>
            <method name=".ctor" signature="(...)" line-rate="1" branch-rate="1" complexity="2">
              <lines />
            </method>
            <method name="Create" signature="(...)" line-rate="1" branch-rate="1" complexity="1">
              <lines />
            </method>
            <method name="Create&lt;TValidator&gt;" signature="(...)" line-rate="1" branch-rate="1" complexity="1">
              <lines />
            </method>
          </methods>
          <lines />
        </class>
        <class name="FluentValidation.Internal.IncludeRule&lt;T&gt;" filename="/_/src/FluentValidation/obj/Release/net8.0/Zomp.SyncMethodGenerator/Zomp.SyncMethodGenerator.SyncMethodSourceGenerator/FluentValidation.Internal.IncludeRule.ValidateAsync.g.cs" line-rate="1" branch-rate="1" complexity="4">
          <methods>
            <method name="Validate" signature="(...)" line-rate="1" branch-rate="1" complexity="4">
              <lines />
            </method>
          </methods>
          <lines />
        </class>
        <class name="FluentValidation.Internal.MemberNameValidatorSelector" filename="/_/src/FluentValidation/Internal/MemberNameValidatorSelector.cs" line-rate="1" branch-rate="1" complexity="34">
          <methods>
            <method name=".ctor" signature="(...)" line-rate="1" branch-rate="1" complexity="1">
              <lines />
            </method>
            <method name="get_MemberNames" signature="()" line-rate="1" branch-rate="1" complexity="1">
              <lines />
            </method>
            <method name="CanExecute" signature="(...)" line-rate="1" branch-rate="1" complexity="28">
              <lines />
            </method>
            <method name="MemberNamesFromExpressions&lt;T&gt;" signature="(...)" line-rate="1" branch-rate="1" complexity="2">
              <lines />
            </method>
            <method name="MemberFromExpression&lt;T&gt;" signature="(...)" line-rate="1" branch-rate="1" complexity="2">
              <lines />
            </method>
          </methods>
          <lines />
        </class>
        <class name="FluentValidation.Internal.MemberNameValidatorSelector" filename="/_/src/FluentValidation/obj/Release/net8.0/System.Text.RegularExpressions.Generator/System.Text.RegularExpressions.Generator.RegexGenerator/RegexGenerator.g.cs" line-rate="1" branch-rate="1" complexity="1">
          <methods>
            <method name="CollectionIndexNormalizer" signature="()" line-rate="1" branch-rate="1" complexity="1">
              <lines />
            </method>
          </methods>
          <lines />
        </class>
        <class name="FluentValidation.Internal.MessageBuilderContext&lt;T, TProperty&gt;" filename="/_/src/FluentValidation/Internal/MessageBuilderContext.cs" line-rate="1" branch-rate="1" complexity="11">
          <methods>
            <method name=".ctor" signature="(...)" line-rate="1" branch-rate="1" complexity="1">
              <lines />
            </method>
            <method name="get_Component" signature="()" line-rate="1" branch-rate="1" complexity="1">
              <lines />
            </method>
            <method name="FluentValidation.Internal.IMessageBuilderContext&lt;T,TProperty&gt;.get_Component" signature="()" line-rate="1" branch-rate="1" complexity="1">
              <lines />
            </method>
            <method name="get_PropertyValidator" signature="()" line-rate="1" branch-rate="1" complexity="1">
              <lines />
            </method>
            <method name="get_ParentContext" signature="()" line-rate="1" branch-rate="1" complexity="1">
              <lines />
            </method>
            <method name="get_PropertyName" signature="()" line-rate="1" branch-rate="1" complexity="1">
              <lines />
            </method>
            <method name="get_DisplayName" signature="()" line-rate="1" branch-rate="1" complexity="1">
              <lines />
            </method>
            <method name="get_MessageFormatter" signature="()" line-rate="1" branch-rate="1" complexity="1">
              <lines />
            </method>
            <method name="get_InstanceToValidate" signature="()" line-rate="1" branch-rate="1" complexity="1">
              <lines />
            </method>
            <method name="get_PropertyValue" signature="()" line-rate="1" branch-rate="1" complexity="1">
              <lines />
            </method>
            <method name="GetDefaultMessage" signature="()" line-rate="1" branch-rate="1" complexity="1">
              <lines />
            </method>
          </methods>
          <lines />
        </class>
        <class name="FluentValidation.Internal.MessageFormatter" filename="/_/src/FluentValidation/Internal/MessageFormatter.cs" line-rate="1" branch-rate="1" complexity="7">
          <methods>
            <method name="AppendArgument" signature="(...)" line-rate="1" branch-rate="1" complexity="1">
              <lines />
            </method>
            <method name="AppendPropertyName" signature="(...)" line-rate="1" branch-rate="1" complexity="1">
              <lines />
            </method>
            <method name="AppendPropertyValue" signature="(...)" line-rate="1" branch-rate="1" complexity="1">
              <lines />
            </method>
            <method name="BuildMessage" signature="(...)" line-rate="1" branch-rate="1" complexity="1">
              <lines />
            </method>
            <method name="get_PlaceholderValues" signature="()" line-rate="1" branch-rate="1" complexity="1">
              <lines />
            </method>
            <method name="Reset" signature="()" line-rate="1" branch-rate="1" complexity="1">
              <lines />
            </method>
            <method name=".ctor" signature="()" line-rate="1" branch-rate="1" complexity="1">
              <lines />
            </method>
          </methods>
          <lines />
        </class>
        <class name="FluentValidation.Internal.MessageFormatter" filename="/_/src/FluentValidation/obj/Release/net8.0/System.Text.RegularExpressions.Generator/System.Text.RegularExpressions.Generator.RegexGenerator/RegexGenerator.g.cs" line-rate="1" branch-rate="1" complexity="1">
          <methods>
            <method name="KeyRegex" signature="()" line-rate="1" branch-rate="1" complexity="1">
              <lines />
            </method>
          </methods>
          <lines />
        </class>
        <class name="FluentValidation.Internal.PropertyChain" filename="/_/src/FluentValidation/Internal/PropertyChain.cs" line-rate="1" branch-rate="1" complexity="30">
          <methods>
            <method name=".ctor" signature="()" line-rate="1" branch-rate="1" complexity="1">
              <lines />
            </method>
            <method name=".ctor" signature="(...)" line-rate="1" branch-rate="1" complexity="4">
              <lines />
            </method>
            <method name="FromExpression" signature="(...)" line-rate="1" branch-rate="1" complexity="4">
              <lines />
            </method>
            <method name="Add" signature="(...)" line-rate="1" branch-rate="1" complexity="2">
              <lines />
            </method>
            <method name="Add" signature="(...)" line-rate="1" branch-rate="1" complexity="2">
              <lines />
            </method>
            <method name="AddIndexer" signature="(...)" line-rate="1" branch-rate="1" complexity="8">
              <lines />
            </method>
            <method name="ToString" signature="()" line-rate="1" branch-rate="1" complexity="4">
              <lines />
            </method>
            <method name="IsChildChainOf" signature="(...)" line-rate="1" branch-rate="1" complexity="1">
              <lines />
            </method>
            <method name="BuildPropertyName" signature="(...)" line-rate="1" branch-rate="1" complexity="1">
              <lines />
            </method>
            <method name="BuildPropertyPath" signature="(...)" line-rate="1" branch-rate="1" complexity="2">
              <lines />
            </method>
            <method name="get_Count" signature="()" line-rate="1" branch-rate="1" complexity="1">
              <lines />
            </method>
          </methods>
          <lines />
        </class>
        <class name="FluentValidation.Internal.PropertyRule.&lt;&gt;c__DisplayClass1_0&lt;T, TProperty&gt;" filename="/_/src/FluentValidation/Internal/PropertyRule.cs" line-rate="1" branch-rate="1" complexity="NaN">
          <methods />
          <lines />
        </class>
        <class name="FluentValidation.Internal.PropertyRule.&lt;ValidateAsync&gt;d__2&lt;T, TProperty&gt;" filename="/_/src/FluentValidation/Internal/PropertyRule.cs" line-rate="1" branch-rate="1" complexity="34">
          <methods>
            <method name="MoveNext" signature="()" line-rate="1" branch-rate="1" complexity="34">
              <lines />
            </method>
          </methods>
          <lines />
        </class>
        <class name="FluentValidation.Internal.PropertyRule&lt;T, TProperty&gt;" filename="/_/src/FluentValidation/Internal/PropertyRule.cs" line-rate="1" branch-rate="1" complexity="4">
          <methods>
            <method name=".ctor" signature="(...)" line-rate="1" branch-rate="1" complexity="1">
              <lines />
            </method>
            <method name="Create" signature="(...)" line-rate="1" branch-rate="1" complexity="1">
              <lines />
            </method>
            <method name="FluentValidation.IValidationRuleInternal&lt;T&gt;.AddDependentRules" signature="(...)" line-rate="1" branch-rate="1" complexity="2">
              <lines />
            </method>
          </methods>
          <lines />
        </class>
        <class name="FluentValidation.Internal.PropertyRule&lt;T, TProperty&gt;" filename="/_/src/FluentValidation/obj/Release/net8.0/Zomp.SyncMethodGenerator/Zomp.SyncMethodGenerator.SyncMethodSourceGenerator/FluentValidation.Internal.PropertyRule.ValidateAsync.g.cs" line-rate="1" branch-rate="1" complexity="34">
          <methods>
            <method name="Validate" signature="(...)" line-rate="1" branch-rate="1" complexity="34">
              <lines />
            </method>
          </methods>
          <lines />
        </class>
        <class name="FluentValidation.Internal.RuleBase.&lt;&gt;c__DisplayClass43_0&lt;T, TProperty, TValue&gt;" filename="/_/src/FluentValidation/Internal/RuleBase.cs" line-rate="1" branch-rate="1" complexity="NaN">
          <methods />
          <lines />
        </class>
        <class name="FluentValidation.Internal.RuleBase.&lt;&gt;c__DisplayClass44_0&lt;T, TProperty, TValue&gt;" filename="/_/src/FluentValidation/Internal/RuleBase.cs" line-rate="1" branch-rate="1" complexity="NaN">
          <methods />
          <lines />
        </class>
        <class name="FluentValidation.Internal.RuleBase.&lt;&gt;c__DisplayClass65_0&lt;T, TProperty, TValue&gt;" filename="/_/src/FluentValidation/Internal/RuleBase.cs" line-rate="1" branch-rate="1" complexity="NaN">
          <methods />
          <lines />
        </class>
        <class name="FluentValidation.Internal.RuleBase.&lt;&gt;c__DisplayClass66_0.&lt;&lt;ApplySharedAsyncCondition&gt;b__0&gt;d&lt;T, TProperty, TValue&gt;" filename="/_/src/FluentValidation/Internal/RuleBase.cs" line-rate="1" branch-rate="1" complexity="1">
          <methods>
            <method name="MoveNext" signature="()" line-rate="1" branch-rate="1" complexity="1">
              <lines />
            </method>
          </methods>
          <lines />
        </class>
        <class name="FluentValidation.Internal.RuleBase&lt;T, TProperty, TValue&gt;" filename="/_/src/FluentValidation/Internal/RuleBase.cs" line-rate="1" branch-rate="1" complexity="74">
          <methods>
            <method name="get_Components" signature="()" line-rate="1" branch-rate="1" complexity="1">
              <lines />
            </method>
            <method name="FluentValidation.IValidationRule.get_Components" signature="()" line-rate="1" branch-rate="1" complexity="1">
              <lines />
            </method>
            <method name="get_Condition" signature="()" line-rate="1" branch-rate="1" complexity="1">
              <lines />
            </method>
            <method name="get_AsyncCondition" signature="()" line-rate="1" branch-rate="1" complexity="1">
              <lines />
            </method>
            <method name="get_Member" signature="()" line-rate="1" branch-rate="1" complexity="1">
              <lines />
            </method>
            <method name="get_PropertyFunc" signature="()" line-rate="1" branch-rate="1" complexity="1">
              <lines />
            </method>
            <method name="get_Expression" signature="()" line-rate="1" branch-rate="1" complexity="1">
              <lines />
            </method>
            <method name="SetDisplayName" signature="(...)" line-rate="1" branch-rate="1" complexity="1">
              <lines />
            </method>
            <method name="SetDisplayName" signature="(...)" line-rate="1" branch-rate="1" complexity="2">
              <lines />
            </method>
            <method name="get_RuleSets" signature="()" line-rate="1" branch-rate="1" complexity="1">
              <lines />
            </method>
            <method name="set_RuleSets" signature="(...)" line-rate="1" branch-rate="1" complexity="1">
              <lines />
            </method>
            <method name="get_Current" signature="()" line-rate="1" branch-rate="1" complexity="1">
              <lines />
            </method>
            <method name="get_TypeToValidate" signature="()" line-rate="1" branch-rate="1" complexity="1">
              <lines />
            </method>
            <method name="get_HasCondition" signature="()" line-rate="1" branch-rate="1" complexity="1">
              <lines />
            </method>
            <method name="get_HasAsyncCondition" signature="()" line-rate="1" branch-rate="1" complexity="1">
              <lines />
            </method>
            <method name="get_CascadeMode" signature="()" line-rate="1" branch-rate="1" complexity="1">
              <lines />
            </method>
            <method name="set_CascadeMode" signature="(...)" line-rate="1" branch-rate="1" complexity="1">
              <lines />
            </method>
            <method name=".ctor" signature="(...)" line-rate="1" branch-rate="1" complexity="1">
              <lines />
            </method>
            <method name="AddValidator" signature="(...)" line-rate="1" branch-rate="1" complexity="1">
              <lines />
            </method>
            <method name="AddAsyncValidator" signature="(...)" line-rate="1" branch-rate="1" complexity="1">
              <lines />
            </method>
            <method name="ClearValidators" signature="()" line-rate="1" branch-rate="1" complexity="1">
              <lines />
            </method>
            <method name="get_PropertyName" signature="()" line-rate="1" branch-rate="1" complexity="1">
              <lines />
            </method>
            <method name="set_PropertyName" signature="(...)" line-rate="1" branch-rate="1" complexity="1">
              <lines />
            </method>
            <method name="get_MessageBuilder" signature="()" line-rate="1" branch-rate="1" complexity="1">
              <lines />
            </method>
            <method name="set_MessageBuilder" signature="(...)" line-rate="1" branch-rate="1" complexity="1">
              <lines />
            </method>
            <method name="get_DependentRules" signature="()" line-rate="1" branch-rate="1" complexity="1">
              <lines />
            </method>
            <method name="set_DependentRules" signature="(...)" line-rate="1" branch-rate="1" complexity="1">
              <lines />
            </method>
            <method name="FluentValidation.IValidationRule.get_DependentRules" signature="()" line-rate="1" branch-rate="1" complexity="1">
              <lines />
            </method>
            <method name="FluentValidation.IValidationRule.GetDisplayName" signature="(...)" line-rate="1" branch-rate="1" complexity="2">
              <lines />
            </method>
            <method name="GetDisplayName" signature="(...)" line-rate="1" branch-rate="1" complexity="6">
              <lines />
            </method>
            <method name="ApplyCondition" signature="(...)" line-rate="1" branch-rate="1" complexity="8">
              <lines />
            </method>
            <method name="ApplyAsyncCondition" signature="(...)" line-rate="1" branch-rate="1" complexity="8">
              <lines />
            </method>
[...]
            <line number="25" hits="1" branch="false" />
          </lines>
        </class>
        <class name="PurchaseTransactionAPI.Migrations.AppDbContextModelSnapshot" filename="C:\Users\thiag\Documents\repos\PurchaseTransactionAPI\Migrations\AppDbContextModelSnapshot.cs" line-rate="0" branch-rate="0" complexity="4">
          <methods>
            <method name="BuildModel" signature="(...)" line-rate="0" branch-rate="0" complexity="4">
              <lines>
                <line number="16" hits="0" branch="false" />
                <line number="18" hits="0" branch="false" />
                <line number="20" hits="0" branch="true" condition-coverage="0% (0/2)" />
                <line number="21" hits="0" branch="false" />
                <line number="22" hits="0" branch="false" />
                <line number="23" hits="0" branch="false" />
                <line number="24" hits="0" branch="false" />
                <line number="25" hits="0" branch="false" />
                <line number="26" hits="0" branch="false" />
                <line number="27" hits="0" branch="false" />
                <line number="28" hits="0" branch="false" />
                <line number="29" hits="0" branch="false" />
                <line number="30" hits="0" branch="false" />
                <line number="31" hits="0" branch="false" />
                <line number="32" hits="0" branch="false" />
                <line number="33" hits="0" branch="false" />
                <line number="34" hits="0" branch="false" />
                <line number="36" hits="0" branch="true" condition-coverage="0% (0/2)" />
                <line number="37" hits="0" branch="false" />
                <line number="38" hits="0" branch="false" />
                <line number="39" hits="0" branch="false" />
                <line number="40" hits="0" branch="false" />
                <line number="41" hits="0" branch="false" />
                <line number="42" hits="0" branch="false" />
                <line number="43" hits="0" branch="false" />
                <line number="44" hits="0" branch="false" />
                <line number="45" hits="0" branch="false" />
                <line number="46" hits="0" branch="false" />
                <line number="47" hits="0" branch="false" />
                <line number="48" hits="0" branch="false" />
                <line number="49" hits="0" branch="false" />
                <line number="50" hits="0" branch="false" />
                <line number="51" hits="0" branch="false" />
                <line number="52" hits="0" branch="false" />
                <line number="53" hits="0" branch="false" />
                <line number="54" hits="0" branch="false" />
                <line number="55" hits="0" branch="false" />
                <line number="56" hits="0" branch="false" />
                <line number="57" hits="0" branch="false" />
                <line number="59" hits="0" branch="false" />
              </lines>
            </method>
          </methods>
          <lines>
            <line number="16" hits="0" branch="false" />
            <line number="18" hits="0" branch="false" />
            <line number="20" hits="0" branch="true" condition-coverage="0% (0/2)" />
            <line number="21" hits="0" branch="false" />
            <line number="22" hits="0" branch="false" />
            <line number="23" hits="0" branch="false" />
            <line number="24" hits="0" branch="false" />
            <line number="25" hits="0" branch="false" />
            <line number="26" hits="0" branch="false" />
            <line number="27" hits="0" branch="false" />
            <line number="28" hits="0" branch="false" />
            <line number="29" hits="0" branch="false" />
            <line number="30" hits="0" branch="false" />
            <line number="31" hits="0" branch="false" />
            <line number="32" hits="0" branch="false" />
            <line number="33" hits="0" branch="false" />
            <line number="34" hits="0" branch="false" />
            <line number="36" hits="0" branch="true" condition-coverage="0% (0/2)" />
            <line number="37" hits="0" branch="false" />
            <line number="38" hits="0" branch="false" />
            <line number="39" hits="0" branch="false" />
            <line number="40" hits="0" branch="false" />
            <line number="41" hits="0" branch="false" />
            <line number="42" hits="0" branch="false" />
            <line number="43" hits="0" branch="false" />
            <line number="44" hits="0" branch="false" />
            <line number="45" hits="0" branch="false" />
            <line number="46" hits="0" branch="false" />
            <line number="47" hits="0" branch="false" />
            <line number="48" hits="0" branch="false" />
            <line number="49" hits="0" branch="false" />
            <line number="50" hits="0" branch="false" />
            <line number="51" hits="0" branch="false" />
            <line number="52" hits="0" branch="false" />
            <line number="53" hits="0" branch="false" />
            <line number="54" hits="0" branch="false" />
            <line number="55" hits="0" branch="false" />
            <line number="56" hits="0" branch="false" />
            <line number="57" hits="0" branch="false" />
            <line number="59" hits="0" branch="false" />
          </lines>
        </class>
        <class name="PurchaseTransactionAPI.Migrations.CurrencyUpdate" filename="C:\Users\thiag\Documents\repos\PurchaseTransactionAPI\Migrations\20260418043222_CurrencyUpdate.cs" line-rate="0" branch-rate="0" complexity="5">
          <methods>
            <method name="Up" signature="(...)" line-rate="0" branch-rate="0" complexity="4">
              <lines>
                <line number="12" hits="0" branch="false" />
                <line number="13" hits="0" branch="true" condition-coverage="0% (0/4)" />
                <line number="14" hits="0" branch="false" />
                <line number="15" hits="0" branch="false" />
                <line number="16" hits="0" branch="false" />
                <line number="17" hits="0" branch="false" />
                <line number="18" hits="0" branch="false" />
                <line number="19" hits="0" branch="false" />
                <line number="20" hits="0" branch="false" />
                <line number="21" hits="0" branch="false" />
                <line number="22" hits="0" branch="false" />
                <line number="23" hits="0" branch="false" />
                <line number="24" hits="0" branch="false" />
              </lines>
            </method>
            <method name="Down" signature="(...)" line-rate="0" branch-rate="1" complexity="1">
              <lines>
                <line number="28" hits="0" branch="false" />
                <line number="29" hits="0" branch="false" />
                <line number="30" hits="0" branch="false" />
                <line number="31" hits="0" branch="false" />
              </lines>
            </method>
          </methods>
          <lines>
            <line number="12" hits="0" branch="false" />
            <line number="13" hits="0" branch="true" condition-coverage="0% (0/4)" />
            <line number="14" hits="0" branch="false" />
            <line number="15" hits="0" branch="false" />
            <line number="16" hits="0" branch="false" />
            <line number="17" hits="0" branch="false" />
            <line number="18" hits="0" branch="false" />
            <line number="19" hits="0" branch="false" />
            <line number="20" hits="0" branch="false" />
            <line number="21" hits="0" branch="false" />
            <line number="22" hits="0" branch="false" />
            <line number="23" hits="0" branch="false" />
            <line number="24" hits="0" branch="false" />
            <line number="28" hits="0" branch="false" />
            <line number="29" hits="0" branch="false" />
            <line number="30" hits="0" branch="false" />
            <line number="31" hits="0" branch="false" />
          </lines>
        </class>
        <class name="PurchaseTransactionAPI.Migrations.CurrencyUpdate" filename="C:\Users\thiag\Documents\repos\PurchaseTransactionAPI\Migrations\20260418043222_CurrencyUpdate.Designer.cs" line-rate="0" branch-rate="0" complexity="4">
          <methods>
            <method name="BuildTargetModel" signature="(...)" line-rate="0" branch-rate="0" complexity="4">
              <lines>
                <line number="19" hits="0" branch="false" />
                <line number="21" hits="0" branch="false" />
                <line number="23" hits="0" branch="true" condition-coverage="0% (0/2)" />
                <line number="24" hits="0" branch="false" />
                <line number="25" hits="0" branch="false" />
                <line number="26" hits="0" branch="false" />
                <line number="27" hits="0" branch="false" />
                <line number="28" hits="0" branch="false" />
                <line number="29" hits="0" branch="false" />
                <line number="30" hits="0" branch="false" />
                <line number="31" hits="0" branch="false" />
                <line number="32" hits="0" branch="false" />
                <line number="33" hits="0" branch="false" />
                <line number="34" hits="0" branch="false" />
                <line number="35" hits="0" branch="false" />
                <line number="36" hits="0" branch="false" />
                <line number="37" hits="0" branch="false" />
                <line number="39" hits="0" branch="true" condition-coverage="0% (0/2)" />
                <line number="40" hits="0" branch="false" />
                <line number="41" hits="0" branch="false" />
                <line number="42" hits="0" branch="false" />
                <line number="43" hits="0" branch="false" />
                <line number="44" hits="0" branch="false" />
                <line number="45" hits="0" branch="false" />
                <line number="46" hits="0" branch="false" />
                <line number="47" hits="0" branch="false" />
                <line number="48" hits="0" branch="false" />
                <line number="49" hits="0" branch="false" />
                <line number="50" hits="0" branch="false" />
                <line number="51" hits="0" branch="false" />
                <line number="52" hits="0" branch="false" />
                <line number="53" hits="0" branch="false" />
                <line number="54" hits="0" branch="false" />
                <line number="55" hits="0" branch="false" />
                <line number="56" hits="0" branch="false" />
                <line number="57" hits="0" branch="false" />
                <line number="58" hits="0" branch="false" />
                <line number="59" hits="0" branch="false" />
                <line number="60" hits="0" branch="false" />
                <line number="62" hits="0" branch="false" />
              </lines>
            </method>
          </methods>
          <lines>
            <line number="19" hits="0" branch="false" />
            <line number="21" hits="0" branch="false" />
            <line number="23" hits="0" branch="true" condition-coverage="0% (0/2)" />
            <line number="24" hits="0" branch="false" />
            <line number="25" hits="0" branch="false" />
            <line number="26" hits="0" branch="false" />
            <line number="27" hits="0" branch="false" />
            <line number="28" hits="0" branch="false" />
            <line number="29" hits="0" branch="false" />
            <line number="30" hits="0" branch="false" />
            <line number="31" hits="0" branch="false" />
            <line number="32" hits="0" branch="false" />
            <line number="33" hits="0" branch="false" />
            <line number="34" hits="0" branch="false" />
            <line number="35" hits="0" branch="false" />
            <line number="36" hits="0" branch="false" />
            <line number="37" hits="0" branch="false" />
            <line number="39" hits="0" branch="true" condition-coverage="0% (0/2)" />
            <line number="40" hits="0" branch="false" />
            <line number="41" hits="0" branch="false" />
            <line number="42" hits="0" branch="false" />
            <line number="43" hits="0" branch="false" />
            <line number="44" hits="0" branch="false" />
            <line number="45" hits="0" branch="false" />
            <line number="46" hits="0" branch="false" />
            <line number="47" hits="0" branch="false" />
            <line number="48" hits="0" branch="false" />
            <line number="49" hits="0" branch="false" />
            <line number="50" hits="0" branch="false" />
            <line number="51" hits="0" branch="false" />
            <line number="52" hits="0" branch="false" />
            <line number="53" hits="0" branch="false" />
            <line number="54" hits="0" branch="false" />
            <line number="55" hits="0" branch="false" />
            <line number="56" hits="0" branch="false" />
            <line number="57" hits="0" branch="false" />
            <line number="58" hits="0" branch="false" />
            <line number="59" hits="0" branch="false" />
            <line number="60" hits="0" branch="false" />
            <line number="62" hits="0" branch="false" />
          </lines>
        </class>
        <class name="PurchaseTransactionAPI.Migrations.InitialCreate" filename="C:\Users\thiag\Documents\repos\PurchaseTransactionAPI\Migrations\20260417195538_InitialCreate.cs" line-rate="0" branch-rate="0" complexity="5">
          <methods>
            <method name="Up" signature="(...)" line-rate="0" branch-rate="0" complexity="4">
              <lines>
                <line number="13" hits="0" branch="false" />
                <line number="14" hits="0" branch="true" condition-coverage="0% (0/4)" />
                <line number="15" hits="0" branch="false" />
                <line number="16" hits="0" branch="false" />
                <line number="17" hits="0" branch="false" />
                <line number="18" hits="0" branch="false" />
                <line number="19" hits="0" branch="false" />
                <line number="20" hits="0" branch="false" />
                <line number="21" hits="0" branch="false" />
                <line number="22" hits="0" branch="false" />
                <line number="23" hits="0" branch="false" />
                <line number="24" hits="0" branch="false" />
                <line number="25" hits="0" branch="false" />
                <line number="26" hits="0" branch="false" />
                <line number="27" hits="0" branch="false" />
              </lines>
            </method>
            <method name="Down" signature="(...)" line-rate="0" branch-rate="1" complexity="1">
              <lines>
                <line number="31" hits="0" branch="false" />
                <line number="32" hits="0" branch="false" />
                <line number="33" hits="0" branch="false" />
                <line number="34" hits="0" branch="false" />
              </lines>
            </method>
          </methods>
          <lines>
            <line number="13" hits="0" branch="false" />
            <line number="14" hits="0" branch="true" condition-coverage="0% (0/4)" />
            <line number="15" hits="0" branch="false" />
            <line number="16" hits="0" branch="false" />
            <line number="17" hits="0" branch="false" />
            <line number="18" hits="0" branch="false" />
            <line number="19" hits="0" branch="false" />
            <line number="20" hits="0" branch="false" />
            <line number="21" hits="0" branch="false" />
            <line number="22" hits="0" branch="false" />
            <line number="23" hits="0" branch="false" />
            <line number="24" hits="0" branch="false" />
            <line number="25" hits="0" branch="false" />
            <line number="26" hits="0" branch="false" />
            <line number="27" hits="0" branch="false" />
            <line number="31" hits="0" branch="false" />
            <line number="32" hits="0" branch="false" />
            <line number="33" hits="0" branch="false" />
            <line number="34" hits="0" branch="false" />
          </lines>
        </class>
        <class name="PurchaseTransactionAPI.Migrations.InitialCreate" filename="C:\Users\thiag\Documents\repos\PurchaseTransactionAPI\Migrations\20260417195538_InitialCreate.Designer.cs" line-rate="0" branch-rate="0" complexity="2">
          <methods>
            <method name="BuildTargetModel" signature="(...)" line-rate="0" branch-rate="0" complexity="2">
              <lines>
                <line number="19" hits="0" branch="false" />
                <line number="21" hits="0" branch="false" />
                <line number="23" hits="0" branch="true" condition-coverage="0% (0/2)" />
                <line number="24" hits="0" branch="false" />
                <line number="25" hits="0" branch="false" />
                <line number="26" hits="0" branch="false" />
                <line number="27" hits="0" branch="false" />
                <line number="28" hits="0" branch="false" />
                <line number="29" hits="0" branch="false" />
                <line number="30" hits="0" branch="false" />
                <line number="31" hits="0" branch="false" />
                <line number="32" hits="0" branch="false" />
                <line number="33" hits="0" branch="false" />
                <line number="34" hits="0" branch="false" />
                <line number="35" hits="0" branch="false" />
                <line number="36" hits="0" branch="false" />
                <line number="37" hits="0" branch="false" />
                <line number="38" hits="0" branch="false" />
                <line number="39" hits="0" branch="false" />
                <line number="40" hits="0" branch="false" />
                <line number="41" hits="0" branch="false" />
                <line number="42" hits="0" branch="false" />
                <line number="43" hits="0" branch="false" />
                <line number="44" hits="0" branch="false" />
                <line number="46" hits="0" branch="false" />
              </lines>
            </method>
          </methods>
          <lines>
            <line number="19" hits="0" branch="false" />
            <line number="21" hits="0" branch="false" />
            <line number="23" hits="0" branch="true" condition-coverage="0% (0/2)" />
            <line number="24" hits="0" branch="false" />
            <line number="25" hits="0" branch="false" />
            <line number="26" hits="0" branch="false" />
            <line number="27" hits="0" branch="false" />
            <line number="28" hits="0" branch="false" />
            <line number="29" hits="0" branch="false" />
            <line number="30" hits="0" branch="false" />
            <line number="31" hits="0" branch="false" />
            <line number="32" hits="0" branch="false" />
            <line number="33" hits="0" branch="false" />
            <line number="34" hits="0" branch="false" />
            <line number="35" hits="0" branch="false" />
            <line number="36" hits="0" branch="false" />
            <line number="37" hits="0" branch="false" />
            <line number="38" hits="0" branch="false" />
            <line number="39" hits="0" branch="false" />
            <line number="40" hits="0" branch="false" />
            <line number="41" hits="0" branch="false" />
            <line number="42" hits="0" branch="false" />
            <line number="43" hits="0" branch="false" />
            <line number="44" hits="0" branch="false" />
            <line number="46" hits="0" branch="false" />
          </lines>
        </class>
      </classes>
    </package>
  </packages>
</coverage>